Build started 7/8/2013 10:16:21 PM.
     1>Project "Q:\CS201\Projects\Assignment_3\Assignment_3\Assignment_3.vcxproj" on node 2 (build target(s)).
     1>InitializeBuildStatus:
         Touching "Debug\Assignment_3.unsuccessfulbuild".
       ClCompile:
         c:\Program Files (x86)\Microsoft Visual Studio 10.0\VC\bin\CL.exe /c /ZI /nologo /W3 /WX- /Od /Oy- /D _MBCS /Gm /EHsc /RTC1 /MDd /GS /fp:precise /Zc:wchar_t /Zc:forScope /Fo"Debug\\" /Fd"Debug\vc100.pdb" /Gd /TP /analyze- /errorReport:prompt Employee.cpp EmployeeHandler.cpp Schedule.cpp
         Schedule.cpp
     1>q:\cs201\projects\assignment_3\assignment_3\schedule.h(11): error C2236: unexpected 'class' 'Schedule'. Did you forget a ';'?
     1>q:\cs201\projects\assignment_3\assignment_3\schedule.h(11): error C2143: syntax error : missing ';' before '{'
     1>q:\cs201\projects\assignment_3\assignment_3\schedule.h(11): error C2447: '{' : missing function header (old-style formal list?)
         EmployeeHandler.cpp
     1>q:\cs201\projects\assignment_3\assignment_3\schedule.h(11): error C2236: unexpected 'class' 'Schedule'. Did you forget a ';'?
     1>q:\cs201\projects\assignment_3\assignment_3\schedule.h(11): error C2143: syntax error : missing ';' before '{'
     1>q:\cs201\projects\assignment_3\assignment_3\schedule.h(11): error C2447: '{' : missing function header (old-style formal list?)
     1>q:\cs201\projects\assignment_3\assignment_3\employee.h(9): error C2011: 'Employee' : 'class' type redefinition
                 q:\cs201\projects\assignment_3\assignment_3\employee.h(9) : see declaration of 'Employee'
     1>q:\cs201\projects\assignment_3\assignment_3\schedulehandler.h(15): error C2146: syntax error : missing ';' before identifier 'm_lstSchedule'
     1>q:\cs201\projects\assignment_3\assignment_3\schedulehandler.h(15): error C4430: missing type specifier - int assumed. Note: C++ does not support default-int
     1>q:\cs201\projects\assignment_3\assignment_3\schedulehandler.h(15): error C4430: missing type specifier - int assumed. Note: C++ does not support default-int
         Employee.cpp
     1>q:\cs201\projects\assignment_3\assignment_3\employee.cpp(5): error C2628: 'Employee' followed by 'void' is illegal (did you forget a ';'?)
         Generating Code...
     1>Done Building Project "Q:\CS201\Projects\Assignment_3\Assignment_3\Assignment_3.vcxproj" (build target(s)) -- FAILED.

Build FAILED.

Time Elapsed 00:00:07.32
